# JRE version: OpenJDK Runtime Environment (24.0+36) (build 24+36-3646)
# Java VM: OpenJDK 64-Bit Server VM (24+36-3646, mixed mode, sharing, tiered, compressed oops, compressed class ptrs, g1 gc, windows-amd64)
GC Precious Log:
 CardTable entry size: 512
 Card Set container configuration: InlinePtr #cards 5 size 8 Array Of Cards #cards 10 size 36 Howl #buckets 4 coarsen threshold 1843 Howl Bitmap #cards 512 size 80 coarsen threshold 460 Card regions per heap region 1 cards per card region 2048
 CPUs: 4 total, 4 available
 Memory: 8046M
 Large Page Support: Disabled
 NUMA Support: Disabled
 Compressed Oops: Enabled (32-bit)
 Heap Region Size: 1M
 Heap Min Capacity: 8M
 Heap Initial Capacity: 126M
 Heap Max Capacity: 2012M
 Pre-touch: Disabled
 Parallel Workers: 4
 Concurrent Workers: 1
 Concurrent Refinement Workers: 4
 Periodic GC: Disabled
Heap:
 garbage-first heap   total reserved 2060288K, committed 45056K, used 31158K [0x0000000082400000, 0x0000000100000000)
  region size 1024K, 10 young (10240K), 2 survivors (2048K)
 Metaspace       used 51158K, committed 51712K, reserved 1114112K
  class space    used 5644K, committed 5888K, reserved 1048576K
GC Heap History (20 events):
Event: 20.196 GC heap before
{Heap before GC invocations=4 (full 0):
 garbage-first heap   total reserved 2060288K, committed 45056K, used 32843K [0x0000000082400000, 0x0000000100000000)
  region size 1024K, 26 young (26624K), 4 survivors (4096K)
 Metaspace       used 25835K, committed 26112K, reserved 1114112K
  class space    used 2569K, committed 2688K, reserved 1048576K
}
Event: 20.205 GC heap after
{Heap after GC invocations=5 (full 0):
 garbage-first heap   total reserved 2060288K, committed 45056K, used 13060K [0x0000000082400000, 0x0000000100000000)
  region size 1024K, 3 young (3072K), 3 survivors (3072K)
 Metaspace       used 25835K, committed 26112K, reserved 1114112K
  class space    used 2569K, committed 2688K, reserved 1048576K
}
Event: 21.848 GC heap before
{Heap before GC invocations=5 (full 0):
 garbage-first heap   total reserved 2060288K, committed 45056K, used 30468K [0x0000000082400000, 0x0000000100000000)
  region size 1024K, 21 young (21504K), 3 survivors (3072K)
 Metaspace       used 28388K, committed 28672K, reserved 1114112K
  class space    used 2828K, committed 2944K, reserved 1048576K
}
Event: 21.857 GC heap after
{Heap after GC invocations=6 (full 0):
 garbage-first heap   total reserved 2060288K, committed 45056K, used 15061K [0x0000000082400000, 0x0000000100000000)
  region size 1024K, 3 young (3072K), 3 survivors (3072K)
 Metaspace       used 28388K, committed 28672K, reserved 1114112K
  class space    used 2828K, committed 2944K, reserved 1048576K
}
Event: 24.793 GC heap before
{Heap before GC invocations=6 (full 0):
 garbage-first heap   total reserved 2060288K, committed 45056K, used 33493K [0x0000000082400000, 0x0000000100000000)
  region size 1024K, 21 young (21504K), 3 survivors (3072K)
 Metaspace       used 31000K, committed 31296K, reserved 1114112K
  class space    used 3096K, committed 3200K, reserved 1048576K
}
Event: 24.806 GC heap after
{Heap after GC invocations=7 (full 0):
 garbage-first heap   total reserved 2060288K, committed 45056K, used 16485K [0x0000000082400000, 0x0000000100000000)
  region size 1024K, 2 young (2048K), 2 survivors (2048K)
 Metaspace       used 31000K, committed 31296K, reserved 1114112K
  class space    used 3096K, committed 3200K, reserved 1048576K
}
Event: 27.176 GC heap before
{Heap before GC invocations=7 (full 0):
 garbage-first heap   total reserved 2060288K, committed 45056K, used 34917K [0x0000000082400000, 0x0000000100000000)
  region size 1024K, 20 young (20480K), 2 survivors (2048K)
 Metaspace       used 34578K, committed 34880K, reserved 1114112K
  class space    used 3544K, committed 3648K, reserved 1048576K
}
Event: 27.187 GC heap after
{Heap after GC invocations=8 (full 0):
 garbage-first heap   total reserved 2060288K, committed 45056K, used 17665K [0x0000000082400000, 0x0000000100000000)
  region size 1024K, 3 young (3072K), 3 survivors (3072K)
 Metaspace       used 34578K, committed 34880K, reserved 1114112K
  class space    used 3544K, committed 3648K, reserved 1048576K
}
Event: 27.625 GC heap before
{Heap before GC invocations=8 (full 0):
 garbage-first heap   total reserved 2060288K, committed 45056K, used 20737K [0x0000000082400000, 0x0000000100000000)
  region size 1024K, 7 young (7168K), 3 survivors (3072K)
 Metaspace       used 35636K, committed 35968K, reserved 1114112K
  class space    used 3659K, committed 3840K, reserved 1048576K
}
Event: 27.636 GC heap after
{Heap after GC invocations=9 (full 0):
 garbage-first heap   total reserved 2060288K, committed 45056K, used 18139K [0x0000000082400000, 0x0000000100000000)
  region size 1024K, 2 young (2048K), 2 survivors (2048K)
 Metaspace       used 35636K, committed 35968K, reserved 1114112K
  class space    used 3659K, committed 3840K, reserved 1048576K
}
Event: 29.324 GC heap before
{Heap before GC invocations=10 (full 0):
 garbage-first heap   total reserved 2060288K, committed 45056K, used 37595K [0x0000000082400000, 0x0000000100000000)
  region size 1024K, 21 young (21504K), 2 survivors (2048K)
 Metaspace       used 38722K, committed 39040K, reserved 1114112K
  class space    used 4083K, committed 4224K, reserved 1048576K
}
Event: 29.335 GC heap after
{Heap after GC invocations=11 (full 0):
 garbage-first heap   total reserved 2060288K, committed 45056K, used 19521K [0x0000000082400000, 0x0000000100000000)
  region size 1024K, 2 young (2048K), 2 survivors (2048K)
 Metaspace       used 38722K, committed 39040K, reserved 1114112K
  class space    used 4083K, committed 4224K, reserved 1048576K
}
Event: 32.807 GC heap before
{Heap before GC invocations=11 (full 0):
 garbage-first heap   total reserved 2060288K, committed 45056K, used 36929K [0x0000000082400000, 0x0000000100000000)
  region size 1024K, 19 young (19456K), 2 survivors (2048K)
 Metaspace       used 41331K, committed 41728K, reserved 1114112K
  class space    used 4400K, committed 4608K, reserved 1048576K
}
Event: 32.819 GC heap after
{Heap after GC invocations=12 (full 0):
 garbage-first heap   total reserved 2060288K, committed 45056K, used 21192K [0x0000000082400000, 0x0000000100000000)
  region size 1024K, 2 young (2048K), 2 survivors (2048K)
 Metaspace       used 41331K, committed 41728K, reserved 1114112K
  class space    used 4400K, committed 4608K, reserved 1048576K
}
Event: 35.707 GC heap before
{Heap before GC invocations=12 (full 0):
 garbage-first heap   total reserved 2060288K, committed 45056K, used 38600K [0x0000000082400000, 0x0000000100000000)
  region size 1024K, 20 young (20480K), 2 survivors (2048K)
 Metaspace       used 44268K, committed 44672K, reserved 1114112K
  class space    used 4753K, committed 4928K, reserved 1048576K
}
Event: 35.717 GC heap after
{Heap after GC invocations=13 (full 0):
 garbage-first heap   total reserved 2060288K, committed 45056K, used 22528K [0x0000000082400000, 0x0000000100000000)
  region size 1024K, 3 young (3072K), 3 survivors (3072K)
 Metaspace       used 44268K, committed 44672K, reserved 1114112K
  class space    used 4753K, committed 4928K, reserved 1048576K
}
Event: 38.591 GC heap before
{Heap before GC invocations=13 (full 0):
 garbage-first heap   total reserved 2060288K, committed 45056K, used 38912K [0x0000000082400000, 0x0000000100000000)
  region size 1024K, 19 young (19456K), 3 survivors (3072K)
 Metaspace       used 47662K, committed 48128K, reserved 1114112K
  class space    used 5152K, committed 5376K, reserved 1048576K
}
Event: 38.604 GC heap after
{Heap after GC invocations=14 (full 0):
 garbage-first heap   total reserved 2060288K, committed 45056K, used 23800K [0x0000000082400000, 0x0000000100000000)
  region size 1024K, 2 young (2048K), 2 survivors (2048K)
 Metaspace       used 47662K, committed 48128K, reserved 1114112K
  class space    used 5152K, committed 5376K, reserved 1048576K
}
Event: 39.391 GC heap before
{Heap before GC invocations=14 (full 0):
 garbage-first heap   total reserved 2060288K, committed 45056K, used 38136K [0x0000000082400000, 0x0000000100000000)
  region size 1024K, 17 young (17408K), 2 survivors (2048K)
 Metaspace       used 50216K, committed 50688K, reserved 1114112K
  class space    used 5528K, committed 5760K, reserved 1048576K
}
Event: 39.398 GC heap after
{Heap after GC invocations=15 (full 0):
 garbage-first heap   total reserved 2060288K, committed 45056K, used 23990K [0x0000000082400000, 0x0000000100000000)
  region size 1024K, 2 young (2048K), 2 survivors (2048K)
 Metaspace       used 50216K, committed 50688K, reserved 1114112K
  class space    used 5528K, committed 5760K, reserved 1048576K
}

